2020-03-22 09:42:08.928  INFO 3264 --- [restartedMain] c.m.community.CommunityApplication       : Starting CommunityApplication on Jway with PID 3264 (started by Jway in D:\IDEA个人空间\code\community)
2020-03-22 09:42:08.935  INFO 3264 --- [restartedMain] c.m.community.CommunityApplication       : No active profile set, falling back to default profiles: default
2020-03-22 09:42:09.009  INFO 3264 --- [restartedMain] .e.DevToolsPropertyDefaultsPostProcessor : Devtools property defaults active! Set 'spring.devtools.add-properties' to 'false' to disable
2020-03-22 09:42:09.009  INFO 3264 --- [restartedMain] .e.DevToolsPropertyDefaultsPostProcessor : For additional web related logging consider setting the 'logging.level.web' property to 'DEBUG'
2020-03-22 09:42:10.675  INFO 3264 --- [restartedMain] o.s.b.w.embedded.tomcat.TomcatWebServer  : Tomcat initialized with port(s): 8887 (http)
2020-03-22 09:42:10.683  INFO 3264 --- [restartedMain] o.apache.catalina.core.StandardService   : Starting service [Tomcat]
2020-03-22 09:42:10.684  INFO 3264 --- [restartedMain] org.apache.catalina.core.StandardEngine  : Starting Servlet engine: [Apache Tomcat/9.0.31]
2020-03-22 09:42:10.750  INFO 3264 --- [restartedMain] o.a.c.c.C.[Tomcat].[localhost].[/]       : Initializing Spring embedded WebApplicationContext
2020-03-22 09:42:10.750  INFO 3264 --- [restartedMain] o.s.web.context.ContextLoader            : Root WebApplicationContext: initialization completed in 1740 ms
2020-03-22 09:42:10.780  INFO 3264 --- [restartedMain] com.zaxxer.hikari.HikariDataSource       : HikariPool-1 - Starting...
2020-03-22 09:42:10.907  INFO 3264 --- [restartedMain] com.zaxxer.hikari.HikariDataSource       : HikariPool-1 - Start completed.
2020-03-22 09:42:10.912  INFO 3264 --- [restartedMain] o.s.b.a.h2.H2ConsoleAutoConfiguration    : H2 console available at '/h2-console'. Database available at 'jdbc:h2:~/xiaojiang'
2020-03-22 09:42:11.404  INFO 3264 --- [restartedMain] o.s.s.concurrent.ThreadPoolTaskExecutor  : Initializing ExecutorService 'applicationTaskExecutor'
2020-03-22 09:42:11.450  INFO 3264 --- [restartedMain] o.s.b.a.w.s.WelcomePageHandlerMapping    : Adding welcome page template: index
2020-03-22 09:42:11.615  INFO 3264 --- [restartedMain] o.s.b.d.a.OptionalLiveReloadServer       : LiveReload server is running on port 35729
2020-03-22 09:42:11.646  INFO 3264 --- [restartedMain] o.s.b.w.embedded.tomcat.TomcatWebServer  : Tomcat started on port(s): 8887 (http) with context path ''
2020-03-22 09:42:11.648  INFO 3264 --- [restartedMain] c.m.community.CommunityApplication       : Started CommunityApplication in 3.12 seconds (JVM running for 4.661)
2020-03-22 09:42:19.472  INFO 3264 --- [http-nio-8887-exec-1] o.a.c.c.C.[Tomcat].[localhost].[/]       : Initializing Spring DispatcherServlet 'dispatcherServlet'
2020-03-22 09:42:19.473  INFO 3264 --- [http-nio-8887-exec-1] o.s.web.servlet.DispatcherServlet        : Initializing Servlet 'dispatcherServlet'
2020-03-22 09:42:19.478  INFO 3264 --- [http-nio-8887-exec-1] o.s.web.servlet.DispatcherServlet        : Completed initialization in 5 ms
2020-03-22 09:42:19.536 DEBUG 3264 --- [http-nio-8887-exec-1] c.m.c.m.Q.countBySearch                  : ==>  Preparing: select count(*) from QUESTION 
2020-03-22 09:42:19.548 DEBUG 3264 --- [http-nio-8887-exec-1] c.m.c.m.Q.countBySearch                  : ==> Parameters: 
2020-03-22 09:42:19.558 DEBUG 3264 --- [http-nio-8887-exec-1] c.m.c.m.Q.countBySearch                  : <==      Total: 1
2020-03-22 09:42:19.559 DEBUG 3264 --- [http-nio-8887-exec-1] c.m.c.m.Q.selectBySearch                 : ==>  Preparing: select * from QUESTION order by gmt_create desc limit ?,? 
2020-03-22 09:42:19.561 DEBUG 3264 --- [http-nio-8887-exec-1] c.m.c.m.Q.selectBySearch                 : ==> Parameters: 0(Integer), 5(Integer)
2020-03-22 09:42:19.566 DEBUG 3264 --- [http-nio-8887-exec-1] c.m.c.m.Q.selectBySearch                 : <==      Total: 5
2020-03-22 09:42:19.566 DEBUG 3264 --- [http-nio-8887-exec-1] c.m.c.m.UserMapper.selectByPrimaryKey    : ==>  Preparing: select ID, ACCOUNT_ID, NAME, TOKEN, GMT_CREATE, GMT_MODIFIED, BIO, AVATAR_URL from USER where ID = ? 
2020-03-22 09:42:19.568 DEBUG 3264 --- [http-nio-8887-exec-1] c.m.c.m.UserMapper.selectByPrimaryKey    : ==> Parameters: 1(Long)
2020-03-22 09:42:19.568 DEBUG 3264 --- [http-nio-8887-exec-1] c.m.c.m.UserMapper.selectByPrimaryKey    : <==      Total: 1
2020-03-22 09:42:19.572 DEBUG 3264 --- [http-nio-8887-exec-1] c.m.c.m.UserMapper.selectByPrimaryKey    : ==>  Preparing: select ID, ACCOUNT_ID, NAME, TOKEN, GMT_CREATE, GMT_MODIFIED, BIO, AVATAR_URL from USER where ID = ? 
2020-03-22 09:42:19.572 DEBUG 3264 --- [http-nio-8887-exec-1] c.m.c.m.UserMapper.selectByPrimaryKey    : ==> Parameters: 1(Long)
2020-03-22 09:42:19.573 DEBUG 3264 --- [http-nio-8887-exec-1] c.m.c.m.UserMapper.selectByPrimaryKey    : <==      Total: 1
2020-03-22 09:42:19.573 DEBUG 3264 --- [http-nio-8887-exec-1] c.m.c.m.UserMapper.selectByPrimaryKey    : ==>  Preparing: select ID, ACCOUNT_ID, NAME, TOKEN, GMT_CREATE, GMT_MODIFIED, BIO, AVATAR_URL from USER where ID = ? 
2020-03-22 09:42:19.573 DEBUG 3264 --- [http-nio-8887-exec-1] c.m.c.m.UserMapper.selectByPrimaryKey    : ==> Parameters: 1(Long)
2020-03-22 09:42:19.573 DEBUG 3264 --- [http-nio-8887-exec-1] c.m.c.m.UserMapper.selectByPrimaryKey    : <==      Total: 1
2020-03-22 09:42:19.573 DEBUG 3264 --- [http-nio-8887-exec-1] c.m.c.m.UserMapper.selectByPrimaryKey    : ==>  Preparing: select ID, ACCOUNT_ID, NAME, TOKEN, GMT_CREATE, GMT_MODIFIED, BIO, AVATAR_URL from USER where ID = ? 
2020-03-22 09:42:19.573 DEBUG 3264 --- [http-nio-8887-exec-1] c.m.c.m.UserMapper.selectByPrimaryKey    : ==> Parameters: 1(Long)
2020-03-22 09:42:19.574 DEBUG 3264 --- [http-nio-8887-exec-1] c.m.c.m.UserMapper.selectByPrimaryKey    : <==      Total: 1
2020-03-22 09:42:19.574 DEBUG 3264 --- [http-nio-8887-exec-1] c.m.c.m.UserMapper.selectByPrimaryKey    : ==>  Preparing: select ID, ACCOUNT_ID, NAME, TOKEN, GMT_CREATE, GMT_MODIFIED, BIO, AVATAR_URL from USER where ID = ? 
2020-03-22 09:42:19.574 DEBUG 3264 --- [http-nio-8887-exec-1] c.m.c.m.UserMapper.selectByPrimaryKey    : ==> Parameters: 1(Long)
2020-03-22 09:42:19.574 DEBUG 3264 --- [http-nio-8887-exec-1] c.m.c.m.UserMapper.selectByPrimaryKey    : <==      Total: 1
2020-03-22 10:35:10.809 DEBUG 3264 --- [http-nio-8887-exec-3] c.m.c.m.Q.countBySearch                  : ==>  Preparing: select count(*) from QUESTION 
2020-03-22 10:35:10.809 DEBUG 3264 --- [http-nio-8887-exec-3] c.m.c.m.Q.countBySearch                  : ==> Parameters: 
2020-03-22 10:35:10.809 DEBUG 3264 --- [http-nio-8887-exec-3] c.m.c.m.Q.countBySearch                  : <==      Total: 1
2020-03-22 10:35:10.810 DEBUG 3264 --- [http-nio-8887-exec-3] c.m.c.m.Q.selectBySearch                 : ==>  Preparing: select * from QUESTION order by gmt_create desc limit ?,? 
2020-03-22 10:35:10.810 DEBUG 3264 --- [http-nio-8887-exec-3] c.m.c.m.Q.selectBySearch                 : ==> Parameters: 0(Integer), 5(Integer)
2020-03-22 10:35:10.812 DEBUG 3264 --- [http-nio-8887-exec-3] c.m.c.m.Q.selectBySearch                 : <==      Total: 5
2020-03-22 10:35:10.813 DEBUG 3264 --- [http-nio-8887-exec-3] c.m.c.m.UserMapper.selectByPrimaryKey    : ==>  Preparing: select ID, ACCOUNT_ID, NAME, TOKEN, GMT_CREATE, GMT_MODIFIED, BIO, AVATAR_URL from USER where ID = ? 
2020-03-22 10:35:10.813 DEBUG 3264 --- [http-nio-8887-exec-3] c.m.c.m.UserMapper.selectByPrimaryKey    : ==> Parameters: 1(Long)
2020-03-22 10:35:10.813 DEBUG 3264 --- [http-nio-8887-exec-3] c.m.c.m.UserMapper.selectByPrimaryKey    : <==      Total: 1
2020-03-22 10:35:10.814 DEBUG 3264 --- [http-nio-8887-exec-3] c.m.c.m.UserMapper.selectByPrimaryKey    : ==>  Preparing: select ID, ACCOUNT_ID, NAME, TOKEN, GMT_CREATE, GMT_MODIFIED, BIO, AVATAR_URL from USER where ID = ? 
2020-03-22 10:35:10.814 DEBUG 3264 --- [http-nio-8887-exec-3] c.m.c.m.UserMapper.selectByPrimaryKey    : ==> Parameters: 1(Long)
2020-03-22 10:35:10.814 DEBUG 3264 --- [http-nio-8887-exec-3] c.m.c.m.UserMapper.selectByPrimaryKey    : <==      Total: 1
2020-03-22 10:35:10.814 DEBUG 3264 --- [http-nio-8887-exec-3] c.m.c.m.UserMapper.selectByPrimaryKey    : ==>  Preparing: select ID, ACCOUNT_ID, NAME, TOKEN, GMT_CREATE, GMT_MODIFIED, BIO, AVATAR_URL from USER where ID = ? 
2020-03-22 10:35:10.815 DEBUG 3264 --- [http-nio-8887-exec-3] c.m.c.m.UserMapper.selectByPrimaryKey    : ==> Parameters: 1(Long)
2020-03-22 10:35:10.815 DEBUG 3264 --- [http-nio-8887-exec-3] c.m.c.m.UserMapper.selectByPrimaryKey    : <==      Total: 1
2020-03-22 10:35:10.816 DEBUG 3264 --- [http-nio-8887-exec-3] c.m.c.m.UserMapper.selectByPrimaryKey    : ==>  Preparing: select ID, ACCOUNT_ID, NAME, TOKEN, GMT_CREATE, GMT_MODIFIED, BIO, AVATAR_URL from USER where ID = ? 
2020-03-22 10:35:10.816 DEBUG 3264 --- [http-nio-8887-exec-3] c.m.c.m.UserMapper.selectByPrimaryKey    : ==> Parameters: 1(Long)
2020-03-22 10:35:10.817 DEBUG 3264 --- [http-nio-8887-exec-3] c.m.c.m.UserMapper.selectByPrimaryKey    : <==      Total: 1
2020-03-22 10:35:10.817 DEBUG 3264 --- [http-nio-8887-exec-3] c.m.c.m.UserMapper.selectByPrimaryKey    : ==>  Preparing: select ID, ACCOUNT_ID, NAME, TOKEN, GMT_CREATE, GMT_MODIFIED, BIO, AVATAR_URL from USER where ID = ? 
2020-03-22 10:35:10.817 DEBUG 3264 --- [http-nio-8887-exec-3] c.m.c.m.UserMapper.selectByPrimaryKey    : ==> Parameters: 1(Long)
2020-03-22 10:35:10.818 DEBUG 3264 --- [http-nio-8887-exec-3] c.m.c.m.UserMapper.selectByPrimaryKey    : <==      Total: 1
2020-03-22 10:46:13.758  INFO 3436 --- [restartedMain] c.m.community.CommunityApplication       : Starting CommunityApplication on Jway with PID 3436 (started by Jway in D:\IDEA个人空间\code\community)
2020-03-22 10:46:13.760  INFO 3436 --- [restartedMain] c.m.community.CommunityApplication       : No active profile set, falling back to default profiles: default
2020-03-22 10:46:13.805  INFO 3436 --- [restartedMain] .e.DevToolsPropertyDefaultsPostProcessor : Devtools property defaults active! Set 'spring.devtools.add-properties' to 'false' to disable
2020-03-22 10:46:13.805  INFO 3436 --- [restartedMain] .e.DevToolsPropertyDefaultsPostProcessor : For additional web related logging consider setting the 'logging.level.web' property to 'DEBUG'
2020-03-22 10:46:14.899  INFO 3436 --- [restartedMain] o.s.b.w.embedded.tomcat.TomcatWebServer  : Tomcat initialized with port(s): 8887 (http)
2020-03-22 10:46:14.905  INFO 3436 --- [restartedMain] o.apache.catalina.core.StandardService   : Starting service [Tomcat]
2020-03-22 10:46:14.905  INFO 3436 --- [restartedMain] org.apache.catalina.core.StandardEngine  : Starting Servlet engine: [Apache Tomcat/9.0.31]
2020-03-22 10:46:14.963  INFO 3436 --- [restartedMain] o.a.c.c.C.[Tomcat].[localhost].[/]       : Initializing Spring embedded WebApplicationContext
2020-03-22 10:46:14.963  INFO 3436 --- [restartedMain] o.s.web.context.ContextLoader            : Root WebApplicationContext: initialization completed in 1157 ms
2020-03-22 10:46:14.988  INFO 3436 --- [restartedMain] com.zaxxer.hikari.HikariDataSource       : HikariPool-1 - Starting...
2020-03-22 10:46:15.083  INFO 3436 --- [restartedMain] com.zaxxer.hikari.HikariDataSource       : HikariPool-1 - Start completed.
2020-03-22 10:46:15.087  INFO 3436 --- [restartedMain] o.s.b.a.h2.H2ConsoleAutoConfiguration    : H2 console available at '/h2-console'. Database available at 'jdbc:h2:~/xiaojiang'
2020-03-22 10:46:15.479  INFO 3436 --- [restartedMain] o.s.s.concurrent.ThreadPoolTaskExecutor  : Initializing ExecutorService 'applicationTaskExecutor'
2020-03-22 10:46:15.521  INFO 3436 --- [restartedMain] o.s.b.a.w.s.WelcomePageHandlerMapping    : Adding welcome page template: index
2020-03-22 10:46:15.631  INFO 3436 --- [restartedMain] o.s.b.d.a.OptionalLiveReloadServer       : LiveReload server is running on port 35729
2020-03-22 10:46:15.657  INFO 3436 --- [restartedMain] o.s.b.w.embedded.tomcat.TomcatWebServer  : Tomcat started on port(s): 8887 (http) with context path ''
2020-03-22 10:46:15.659  INFO 3436 --- [restartedMain] c.m.community.CommunityApplication       : Started CommunityApplication in 2.229 seconds (JVM running for 3.455)
2020-03-22 10:46:28.641  INFO 3436 --- [http-nio-8887-exec-1] o.a.c.c.C.[Tomcat].[localhost].[/]       : Initializing Spring DispatcherServlet 'dispatcherServlet'
2020-03-22 10:46:28.641  INFO 3436 --- [http-nio-8887-exec-1] o.s.web.servlet.DispatcherServlet        : Initializing Servlet 'dispatcherServlet'
2020-03-22 10:46:28.646  INFO 3436 --- [http-nio-8887-exec-1] o.s.web.servlet.DispatcherServlet        : Completed initialization in 5 ms
2020-03-22 10:46:28.699 DEBUG 3436 --- [http-nio-8887-exec-1] c.m.c.m.Q.countBySearch                  : ==>  Preparing: select count(*) from QUESTION 
2020-03-22 10:46:28.711 DEBUG 3436 --- [http-nio-8887-exec-1] c.m.c.m.Q.countBySearch                  : ==> Parameters: 
2020-03-22 10:46:28.720 DEBUG 3436 --- [http-nio-8887-exec-1] c.m.c.m.Q.countBySearch                  : <==      Total: 1
2020-03-22 10:46:28.722 DEBUG 3436 --- [http-nio-8887-exec-1] c.m.c.m.Q.selectBySearch                 : ==>  Preparing: select * from QUESTION order by gmt_create desc limit ?,? 
2020-03-22 10:46:28.723 DEBUG 3436 --- [http-nio-8887-exec-1] c.m.c.m.Q.selectBySearch                 : ==> Parameters: 0(Integer), 5(Integer)
2020-03-22 10:46:28.728 DEBUG 3436 --- [http-nio-8887-exec-1] c.m.c.m.Q.selectBySearch                 : <==      Total: 5
2020-03-22 10:46:28.728 DEBUG 3436 --- [http-nio-8887-exec-1] c.m.c.m.UserMapper.selectByPrimaryKey    : ==>  Preparing: select ID, ACCOUNT_ID, NAME, TOKEN, GMT_CREATE, GMT_MODIFIED, BIO, AVATAR_URL from USER where ID = ? 
2020-03-22 10:46:28.729 DEBUG 3436 --- [http-nio-8887-exec-1] c.m.c.m.UserMapper.selectByPrimaryKey    : ==> Parameters: 1(Long)
2020-03-22 10:46:28.730 DEBUG 3436 --- [http-nio-8887-exec-1] c.m.c.m.UserMapper.selectByPrimaryKey    : <==      Total: 1
2020-03-22 10:46:28.733 DEBUG 3436 --- [http-nio-8887-exec-1] c.m.c.m.UserMapper.selectByPrimaryKey    : ==>  Preparing: select ID, ACCOUNT_ID, NAME, TOKEN, GMT_CREATE, GMT_MODIFIED, BIO, AVATAR_URL from USER where ID = ? 
2020-03-22 10:46:28.734 DEBUG 3436 --- [http-nio-8887-exec-1] c.m.c.m.UserMapper.selectByPrimaryKey    : ==> Parameters: 1(Long)
2020-03-22 10:46:28.734 DEBUG 3436 --- [http-nio-8887-exec-1] c.m.c.m.UserMapper.selectByPrimaryKey    : <==      Total: 1
2020-03-22 10:46:28.734 DEBUG 3436 --- [http-nio-8887-exec-1] c.m.c.m.UserMapper.selectByPrimaryKey    : ==>  Preparing: select ID, ACCOUNT_ID, NAME, TOKEN, GMT_CREATE, GMT_MODIFIED, BIO, AVATAR_URL from USER where ID = ? 
2020-03-22 10:46:28.734 DEBUG 3436 --- [http-nio-8887-exec-1] c.m.c.m.UserMapper.selectByPrimaryKey    : ==> Parameters: 1(Long)
2020-03-22 10:46:28.735 DEBUG 3436 --- [http-nio-8887-exec-1] c.m.c.m.UserMapper.selectByPrimaryKey    : <==      Total: 1
2020-03-22 10:46:28.735 DEBUG 3436 --- [http-nio-8887-exec-1] c.m.c.m.UserMapper.selectByPrimaryKey    : ==>  Preparing: select ID, ACCOUNT_ID, NAME, TOKEN, GMT_CREATE, GMT_MODIFIED, BIO, AVATAR_URL from USER where ID = ? 
2020-03-22 10:46:28.735 DEBUG 3436 --- [http-nio-8887-exec-1] c.m.c.m.UserMapper.selectByPrimaryKey    : ==> Parameters: 1(Long)
2020-03-22 10:46:28.735 DEBUG 3436 --- [http-nio-8887-exec-1] c.m.c.m.UserMapper.selectByPrimaryKey    : <==      Total: 1
2020-03-22 10:46:28.736 DEBUG 3436 --- [http-nio-8887-exec-1] c.m.c.m.UserMapper.selectByPrimaryKey    : ==>  Preparing: select ID, ACCOUNT_ID, NAME, TOKEN, GMT_CREATE, GMT_MODIFIED, BIO, AVATAR_URL from USER where ID = ? 
2020-03-22 10:46:28.736 DEBUG 3436 --- [http-nio-8887-exec-1] c.m.c.m.UserMapper.selectByPrimaryKey    : ==> Parameters: 1(Long)
2020-03-22 10:46:28.736 DEBUG 3436 --- [http-nio-8887-exec-1] c.m.c.m.UserMapper.selectByPrimaryKey    : <==      Total: 1
2020-03-22 11:19:01.359  INFO 1160 --- [restartedMain] c.m.community.CommunityApplication       : Starting CommunityApplication on Jway with PID 1160 (started by Jway in D:\IDEA个人空间\code\community)
2020-03-22 11:19:01.363  INFO 1160 --- [restartedMain] c.m.community.CommunityApplication       : No active profile set, falling back to default profiles: default
2020-03-22 11:19:01.421  INFO 1160 --- [restartedMain] .e.DevToolsPropertyDefaultsPostProcessor : Devtools property defaults active! Set 'spring.devtools.add-properties' to 'false' to disable
2020-03-22 11:19:01.421  INFO 1160 --- [restartedMain] .e.DevToolsPropertyDefaultsPostProcessor : For additional web related logging consider setting the 'logging.level.web' property to 'DEBUG'
2020-03-22 11:19:02.683  INFO 1160 --- [restartedMain] o.s.b.w.embedded.tomcat.TomcatWebServer  : Tomcat initialized with port(s): 8887 (http)
2020-03-22 11:19:02.690  INFO 1160 --- [restartedMain] o.apache.catalina.core.StandardService   : Starting service [Tomcat]
2020-03-22 11:19:02.690  INFO 1160 --- [restartedMain] org.apache.catalina.core.StandardEngine  : Starting Servlet engine: [Apache Tomcat/9.0.31]
2020-03-22 11:19:02.757  INFO 1160 --- [restartedMain] o.a.c.c.C.[Tomcat].[localhost].[/]       : Initializing Spring embedded WebApplicationContext
2020-03-22 11:19:02.757  INFO 1160 --- [restartedMain] o.s.web.context.ContextLoader            : Root WebApplicationContext: initialization completed in 1336 ms
2020-03-22 11:19:02.791  INFO 1160 --- [restartedMain] com.zaxxer.hikari.HikariDataSource       : HikariPool-1 - Starting...
2020-03-22 11:19:02.926  INFO 1160 --- [restartedMain] com.zaxxer.hikari.HikariDataSource       : HikariPool-1 - Start completed.
2020-03-22 11:19:02.933  INFO 1160 --- [restartedMain] o.s.b.a.h2.H2ConsoleAutoConfiguration    : H2 console available at '/h2-console'. Database available at 'jdbc:h2:~/xiaojiang'
2020-03-22 11:19:03.481  INFO 1160 --- [restartedMain] o.s.s.concurrent.ThreadPoolTaskExecutor  : Initializing ExecutorService 'applicationTaskExecutor'
2020-03-22 11:19:03.529  INFO 1160 --- [restartedMain] o.s.b.a.w.s.WelcomePageHandlerMapping    : Adding welcome page template: index
2020-03-22 11:19:03.699  INFO 1160 --- [restartedMain] o.s.b.d.a.OptionalLiveReloadServer       : LiveReload server is running on port 35729
2020-03-22 11:19:03.739  INFO 1160 --- [restartedMain] o.s.b.w.embedded.tomcat.TomcatWebServer  : Tomcat started on port(s): 8887 (http) with context path ''
2020-03-22 11:19:03.741  INFO 1160 --- [restartedMain] c.m.community.CommunityApplication       : Started CommunityApplication in 2.762 seconds (JVM running for 4.214)
2020-03-22 11:21:37.959  INFO 1160 --- [http-nio-8887-exec-1] o.a.c.c.C.[Tomcat].[localhost].[/]       : Initializing Spring DispatcherServlet 'dispatcherServlet'
2020-03-22 11:21:37.960  INFO 1160 --- [http-nio-8887-exec-1] o.s.web.servlet.DispatcherServlet        : Initializing Servlet 'dispatcherServlet'
2020-03-22 11:21:37.965  INFO 1160 --- [http-nio-8887-exec-1] o.s.web.servlet.DispatcherServlet        : Completed initialization in 5 ms
2020-03-22 11:21:38.016 DEBUG 1160 --- [http-nio-8887-exec-1] c.m.c.m.Q.countBySearch                  : ==>  Preparing: select count(*) from QUESTION 
2020-03-22 11:21:38.027 DEBUG 1160 --- [http-nio-8887-exec-1] c.m.c.m.Q.countBySearch                  : ==> Parameters: 
2020-03-22 11:21:38.036 DEBUG 1160 --- [http-nio-8887-exec-1] c.m.c.m.Q.countBySearch                  : <==      Total: 1
2020-03-22 11:21:38.037 DEBUG 1160 --- [http-nio-8887-exec-1] c.m.c.m.Q.selectBySearch                 : ==>  Preparing: select * from QUESTION order by gmt_create desc limit ?,? 
2020-03-22 11:21:38.038 DEBUG 1160 --- [http-nio-8887-exec-1] c.m.c.m.Q.selectBySearch                 : ==> Parameters: 0(Integer), 5(Integer)
2020-03-22 11:21:38.043 DEBUG 1160 --- [http-nio-8887-exec-1] c.m.c.m.Q.selectBySearch                 : <==      Total: 5
2020-03-22 11:21:38.044 DEBUG 1160 --- [http-nio-8887-exec-1] c.m.c.m.UserMapper.selectByPrimaryKey    : ==>  Preparing: select ID, ACCOUNT_ID, NAME, TOKEN, GMT_CREATE, GMT_MODIFIED, BIO, AVATAR_URL from USER where ID = ? 
2020-03-22 11:21:38.045 DEBUG 1160 --- [http-nio-8887-exec-1] c.m.c.m.UserMapper.selectByPrimaryKey    : ==> Parameters: 1(Long)
2020-03-22 11:21:38.045 DEBUG 1160 --- [http-nio-8887-exec-1] c.m.c.m.UserMapper.selectByPrimaryKey    : <==      Total: 1
2020-03-22 11:21:38.049 DEBUG 1160 --- [http-nio-8887-exec-1] c.m.c.m.UserMapper.selectByPrimaryKey    : ==>  Preparing: select ID, ACCOUNT_ID, NAME, TOKEN, GMT_CREATE, GMT_MODIFIED, BIO, AVATAR_URL from USER where ID = ? 
2020-03-22 11:21:38.049 DEBUG 1160 --- [http-nio-8887-exec-1] c.m.c.m.UserMapper.selectByPrimaryKey    : ==> Parameters: 1(Long)
2020-03-22 11:21:38.049 DEBUG 1160 --- [http-nio-8887-exec-1] c.m.c.m.UserMapper.selectByPrimaryKey    : <==      Total: 1
2020-03-22 11:21:38.050 DEBUG 1160 --- [http-nio-8887-exec-1] c.m.c.m.UserMapper.selectByPrimaryKey    : ==>  Preparing: select ID, ACCOUNT_ID, NAME, TOKEN, GMT_CREATE, GMT_MODIFIED, BIO, AVATAR_URL from USER where ID = ? 
2020-03-22 11:21:38.050 DEBUG 1160 --- [http-nio-8887-exec-1] c.m.c.m.UserMapper.selectByPrimaryKey    : ==> Parameters: 1(Long)
2020-03-22 11:21:38.050 DEBUG 1160 --- [http-nio-8887-exec-1] c.m.c.m.UserMapper.selectByPrimaryKey    : <==      Total: 1
2020-03-22 11:21:38.050 DEBUG 1160 --- [http-nio-8887-exec-1] c.m.c.m.UserMapper.selectByPrimaryKey    : ==>  Preparing: select ID, ACCOUNT_ID, NAME, TOKEN, GMT_CREATE, GMT_MODIFIED, BIO, AVATAR_URL from USER where ID = ? 
2020-03-22 11:21:38.050 DEBUG 1160 --- [http-nio-8887-exec-1] c.m.c.m.UserMapper.selectByPrimaryKey    : ==> Parameters: 1(Long)
2020-03-22 11:21:38.051 DEBUG 1160 --- [http-nio-8887-exec-1] c.m.c.m.UserMapper.selectByPrimaryKey    : <==      Total: 1
2020-03-22 11:21:38.051 DEBUG 1160 --- [http-nio-8887-exec-1] c.m.c.m.UserMapper.selectByPrimaryKey    : ==>  Preparing: select ID, ACCOUNT_ID, NAME, TOKEN, GMT_CREATE, GMT_MODIFIED, BIO, AVATAR_URL from USER where ID = ? 
2020-03-22 11:21:38.051 DEBUG 1160 --- [http-nio-8887-exec-1] c.m.c.m.UserMapper.selectByPrimaryKey    : ==> Parameters: 1(Long)
2020-03-22 11:21:38.051 DEBUG 1160 --- [http-nio-8887-exec-1] c.m.c.m.UserMapper.selectByPrimaryKey    : <==      Total: 1
2020-03-22 11:22:01.191  INFO 11600 --- [restartedMain] c.m.community.CommunityApplication       : Starting CommunityApplication on Jway with PID 11600 (started by Jway in D:\IDEA个人空间\code\community)
2020-03-22 11:22:01.193  INFO 11600 --- [restartedMain] c.m.community.CommunityApplication       : No active profile set, falling back to default profiles: default
2020-03-22 11:22:01.247  INFO 11600 --- [restartedMain] .e.DevToolsPropertyDefaultsPostProcessor : Devtools property defaults active! Set 'spring.devtools.add-properties' to 'false' to disable
2020-03-22 11:22:01.247  INFO 11600 --- [restartedMain] .e.DevToolsPropertyDefaultsPostProcessor : For additional web related logging consider setting the 'logging.level.web' property to 'DEBUG'
2020-03-22 11:22:02.051  INFO 11600 --- [restartedMain] o.s.b.w.embedded.tomcat.TomcatWebServer  : Tomcat initialized with port(s): 8887 (http)
2020-03-22 11:22:02.057  INFO 11600 --- [restartedMain] o.apache.catalina.core.StandardService   : Starting service [Tomcat]
2020-03-22 11:22:02.058  INFO 11600 --- [restartedMain] org.apache.catalina.core.StandardEngine  : Starting Servlet engine: [Apache Tomcat/9.0.31]
2020-03-22 11:22:02.121  INFO 11600 --- [restartedMain] o.a.c.c.C.[Tomcat].[localhost].[/]       : Initializing Spring embedded WebApplicationContext
2020-03-22 11:22:02.122  INFO 11600 --- [restartedMain] o.s.web.context.ContextLoader            : Root WebApplicationContext: initialization completed in 875 ms
2020-03-22 11:22:02.146  INFO 11600 --- [restartedMain] com.zaxxer.hikari.HikariDataSource       : HikariPool-1 - Starting...
2020-03-22 11:22:02.248  INFO 11600 --- [restartedMain] com.zaxxer.hikari.HikariDataSource       : HikariPool-1 - Start completed.
2020-03-22 11:22:02.253  INFO 11600 --- [restartedMain] o.s.b.a.h2.H2ConsoleAutoConfiguration    : H2 console available at '/h2-console'. Database available at 'jdbc:h2:~/xiaojiang'
2020-03-22 11:22:02.748  INFO 11600 --- [restartedMain] o.s.s.concurrent.ThreadPoolTaskExecutor  : Initializing ExecutorService 'applicationTaskExecutor'
2020-03-22 11:22:02.797  INFO 11600 --- [restartedMain] o.s.b.a.w.s.WelcomePageHandlerMapping    : Adding welcome page template: index
2020-03-22 11:22:02.961  INFO 11600 --- [restartedMain] o.s.b.d.a.OptionalLiveReloadServer       : LiveReload server is running on port 35729
2020-03-22 11:22:02.996  INFO 11600 --- [restartedMain] o.s.b.w.embedded.tomcat.TomcatWebServer  : Tomcat started on port(s): 8887 (http) with context path ''
2020-03-22 11:22:02.998  INFO 11600 --- [restartedMain] c.m.community.CommunityApplication       : Started CommunityApplication in 2.171 seconds (JVM running for 2.971)
